Live logging framwork
Mon, 30 Jan 2017 13:19:52 GMT body-parser deprecated bodyParser: use individual json/urlencoded middlewares at app.js:16:9
Mon, 30 Jan 2017 13:19:52 GMT body-parser deprecated undefined extended: provide extended option at node_modules/body-parser/index.js:105:29
in load layers
[ 'controllers', 'services', 'views' ]
/home/chaintrailadmin/nodeProject/my4chain/application/controller-service-layer/controllers
/home/chaintrailadmin/nodeProject/my4chain/application/controller-service-layer/controllers
/home/chaintrailadmin/nodeProject/my4chain/application/controller-service-layer/controllers
/home/chaintrailadmin/nodeProject/my4chain/application/controller-service-layer/controllers
/home/chaintrailadmin/nodeProject/my4chain/application/controller-service-layer/controllers
/home/chaintrailadmin/nodeProject/my4chain/application/controller-service-layer/services
/home/chaintrailadmin/nodeProject/my4chain/application/controller-service-layer/services
/home/chaintrailadmin/nodeProject/my4chain/application/controller-service-layer/services/CoinbaseExchange
/home/chaintrailadmin/nodeProject/my4chain/application/controller-service-layer/services
/home/chaintrailadmin/nodeProject/my4chain/application/controller-service-layer/services
/home/chaintrailadmin/nodeProject/my4chain/application/controller-service-layer/services/PrivateBlockchain
/home/chaintrailadmin/nodeProject/my4chain/application/controller-service-layer/services/PrivateBlockchain
/home/chaintrailadmin/nodeProject/my4chain/application/controller-service-layer/services/PrivateBlockchain
/home/chaintrailadmin/nodeProject/my4chain/application/controller-service-layer/services/PrivateBlockchain
/home/chaintrailadmin/nodeProject/my4chain/application/controller-service-layer/services/PrivateBlockchain
/home/chaintrailadmin/nodeProject/my4chain/application/controller-service-layer/services/PrivateBlockchain/solidity
/home/chaintrailadmin/nodeProject/my4chain/application/controller-service-layer/services/PrivateBlockchain/solidity
/home/chaintrailadmin/nodeProject/my4chain/application/controller-service-layer/services/PrivateBlockchain/solidity
/home/chaintrailadmin/nodeProject/my4chain/application/controller-service-layer/services/PrivateBlockchain/solidity
/home/chaintrailadmin/nodeProject/my4chain/application/controller-service-layer/services/PrivateBlockchain/solidity
/home/chaintrailadmin/nodeProject/my4chain/application/controller-service-layer/services/PrivateBlockchain/solidity
/home/chaintrailadmin/nodeProject/my4chain/application/controller-service-layer/services/PrivateBlockchain/solidity
/home/chaintrailadmin/nodeProject/my4chain/application/controller-service-layer/services/PrivateBlockchain/solidity
/home/chaintrailadmin/nodeProject/my4chain/application/controller-service-layer/services/PrivateBlockchain/solidity
/home/chaintrailadmin/nodeProject/my4chain/application/controller-service-layer/services/PrivateBlockchain/solidity
/home/chaintrailadmin/nodeProject/my4chain/application/controller-service-layer/services/PrivateBlockchain/solidity
/home/chaintrailadmin/nodeProject/my4chain/application/controller-service-layer/services/PrivateBlockchain/solidity
/home/chaintrailadmin/nodeProject/my4chain/application/controller-service-layer/services/PrivateBlockchain/solidity
/home/chaintrailadmin/nodeProject/my4chain/application/controller-service-layer/services
/home/chaintrailadmin/nodeProject/my4chain/application/controller-service-layer/services
/home/chaintrailadmin/nodeProject/my4chain/application/controller-service-layer/services/messageQueue
/home/chaintrailadmin/nodeProject/my4chain/application/controller-service-layer/views
/home/chaintrailadmin/nodeProject/my4chain/application/controller-service-layer/views
/home/chaintrailadmin/nodeProject/my4chain/application/controller-service-layer/views
{ '/api/v1/queue/getQueue': 
   [ { method: 'GET',
       action: [Function: getMessageQueue],
       views: [Object] } ],
  '/api/v1/contractPublish/fetchData': [ { method: 'GET', action: [Function: fetchData], views: [Object] } ],
  '/api/v1/contractPublish/batchData/:id': [ { method: 'GET', action: [Function: batchData], views: [Object] } ],
  '/api/v1/insertBalance': 
   [ { method: 'GET',
       action: [Function: insertBalance],
       views: [Object] } ],
  '/api/v1/queue/reciveMessageQueue': 
   [ { method: 'GET',
       action: [Function: reciveMessageQueue],
       views: [Object] } ],
  '/api/v1/queue/sendToQueue': 
   [ { method: 'GET',
       action: [Function: sendMessageQueue],
       views: [Object] } ],
  '/api/v1/publishdata': [ { method: 'POST', action: [Function: sendData], views: [Object] } ],
  '/api/v1/contract/Balance': 
   [ { method: 'GET',
       action: [Function: accountBalance],
       views: [Object] } ],
  '/api/v1/contract/functionexcute': 
   [ { method: 'POST',
       action: [Function: sponsorContract],
       middleware: [Object],
       views: [Object] } ],
  '/api/v1/contract/review': 
   [ { method: 'POST',
       action: [Function: review],
       middleware: [Object],
       views: [Object] } ],
  '/api/v1/contract/revoke': 
   [ { method: 'POST',
       action: [Function: revoke],
       middleware: [Object],
       views: [Object] } ],
  '/api/v1/contract/changestate': 
   [ { method: 'POST',
       action: [Function: changestate],
       middleware: [Object],
       views: [Object] } ],
  '/api/v1/contract/userdetail': 
   [ { method: 'POST',
       action: [Function: userdetail],
       middleware: [Object],
       views: [Object] } ],
  '/api/v1/contract/log': 
   [ { method: 'POST',
       action: [Function: log],
       middleware: [Object],
       views: [Object] } ],
  '/api/v1/contract/fileModifylog': 
   [ { method: 'POST',
       action: [Function: fileModifylog],
       middleware: [Object],
       views: [Object] } ],
  '/api/v1/contract/createcontract': 
   [ { method: 'POST',
       action: [Function: smartContract],
       middleware: [Object],
       views: [Object] } ],
  '/api/v1/contract/sendether/:requestid': 
   [ { method: 'POST',
       action: [Function: privateSendether],
       middleware: [Object],
       views: [Object] } ],
  '/api/v1/contract/createaccount': 
   [ { method: 'POST',
       action: [Function: createAccount],
       middleware: [Object],
       views: [Object] } ],
  '/api/v1/contract/txconfirmations': 
   [ { method: 'GET',
       action: [Function: transactionConfirmations],
       views: [Object] } ],
  '/api/v1/requestconfirmation/:requestid': 
   [ { method: 'GET',
       action: [Function: requestConfirmation],
       views: [Object] } ],
  '/api/v1/chain/latestBlockdata': 
   [ { method: 'GET',
       action: [Function: latestBlock],
       views: [Object] } ],
  '/api/v1/contract/transactiondetail': 
   [ { method: 'GET',
       action: [Function: transactionDetail],
       views: [Object] } ],
  '/api/v1/contract/testContract': 
   [ { method: 'GET',
       action: [Function: testContract],
       views: [Object] } ] }
get
get
get
get
get
get
post
get
post
post
post
post
post
post
post
post
post
post
get
get
get
get
get
{
  "level": "info",
  "message": "configROLE_USER,ROLE_ADMIN,ROLE_SUPERADMIN,ROLE_DELEGATEADMIN"
}
{
  "level": "info",
  "message": "ethereum private network connected"
}
Cron function call
{
  "level": "info",
  "message": "File Path:  ./solidity/NumberContract.sol"
}
"2017-01-30T13:19:52.519Z"
{
  "level": "info",
  "message": "-----compling solidity code ----------"
}
"2017-01-30T13:19:52.520Z"
{
  "level": "info",
  "message": "-----complile complete ----------"
}
"2017-01-30T13:20:04.149Z"
{
  "level": "info",
  "message": "Express server listening on port 3000 in production mode"
}
Person Table added
User Table added 
Contract Table added 
ContractLog Table added 
{
  "name": "brianc",
  "level": "info",
  "message": ""
}
{
  "level": "info",
  "message": "create a queue"
}
{
  "level": "info",
  "message": "Successfull"
}
{
  "level": "info",
  "message": "address 0xb599b97c94de8150e4e4ea26c0c00d5dc933a512"
}
{
  "level": "info",
  "message": "address=------> 0xb599b97c94de8150e4e4ea26c0c00d5dc933a512"
}
